Flow report for UART
Sun Mar 27 10:26:33 2016
Quartus II 64-Bit Version 15.0.0 Build 145 04/22/2015 Patches 0.01we SJ Web Edition


---------------------
; Table of Contents ;
---------------------
  1. Legal Notice
  2. Flow Summary
  3. Flow Settings
  4. Flow Non-Default Global Settings
  5. Flow Elapsed Time
  6. Flow OS Summary
  7. Flow Log
  8. Flow Messages
  9. Flow Suppressed Messages



----------------
; Legal Notice ;
----------------
Copyright (C) 1991-2015 Altera Corporation. All rights reserved.
Your use of Altera Corporation's design tools, logic functions 
and other software and tools, and its AMPP partner logic 
functions, and any output files from any of the foregoing 
(including device programming or simulation files), and any 
associated documentation or information are expressly subject 
to the terms and conditions of the Altera Program License 
Subscription Agreement, the Altera Quartus II License Agreement,
the Altera MegaCore Function License Agreement, or other 
applicable license agreement, including, without limitation, 
that your use is for the sole purpose of programming logic 
devices manufactured by Altera and sold by Altera or its 
authorized distributors.  Please refer to the applicable 
agreement for further details.



+------------------------------------------------------------------------------------------------+
; Flow Summary                                                                                   ;
+------------------------------------+-----------------------------------------------------------+
; Flow Status                        ; Successful - Sun Mar 27 10:26:13 2016                     ;
; Quartus II 64-Bit Version          ; 15.0.0 Build 145 04/22/2015 Patches 0.01we SJ Web Edition ;
; Revision Name                      ; UART                                                      ;
; Top-level Entity Name              ; top                                                       ;
; Family                             ; Cyclone IV E                                              ;
; Device                             ; EP4CE115F29C7                                             ;
; Timing Models                      ; Final                                                     ;
; Total logic elements               ; 151 / 114,480 ( < 1 % )                                   ;
;     Total combinational functions  ; 122 / 114,480 ( < 1 % )                                   ;
;     Dedicated logic registers      ; 97 / 114,480 ( < 1 % )                                    ;
; Total registers                    ; 97                                                        ;
; Total pins                         ; 24 / 529 ( 5 % )                                          ;
; Total virtual pins                 ; 0                                                         ;
; Total memory bits                  ; 0 / 3,981,312 ( 0 % )                                     ;
; Embedded Multiplier 9-bit elements ; 0 / 532 ( 0 % )                                           ;
; Total PLLs                         ; 1 / 4 ( 25 % )                                            ;
+------------------------------------+-----------------------------------------------------------+


+-----------------------------------------+
; Flow Settings                           ;
+-------------------+---------------------+
; Option            ; Setting             ;
+-------------------+---------------------+
; Start date & time ; 03/27/2016 10:25:09 ;
; Main task         ; Compilation         ;
; Revision Name     ; UART                ;
+-------------------+---------------------+


+------------------------------------------------------------------------------------------------------------------------+
; Flow Non-Default Global Settings                                                                                       ;
+-------------------------------------+---------------------------------------+---------------+-------------+------------+
; Assignment Name                     ; Value                                 ; Default Value ; Entity Name ; Section Id ;
+-------------------------------------+---------------------------------------+---------------+-------------+------------+
; COMPILER_SIGNATURE_ID               ; 99910184363473.145904550805184        ; --            ; --          ; --         ;
; MAX_CORE_JUNCTION_TEMP              ; 85                                    ; --            ; --          ; --         ;
; MIN_CORE_JUNCTION_TEMP              ; 0                                     ; --            ; --          ; --         ;
; PARTITION_COLOR                     ; 16764057                              ; --            ; top         ; Top        ;
; PARTITION_FITTER_PRESERVATION_LEVEL ; PLACEMENT_AND_ROUTING                 ; --            ; top         ; Top        ;
; PARTITION_NETLIST_TYPE              ; SOURCE                                ; --            ; top         ; Top        ;
; POWER_BOARD_THERMAL_MODEL           ; None (CONSERVATIVE)                   ; --            ; --          ; --         ;
; POWER_PRESET_COOLING_SOLUTION       ; 23 MM HEAT SINK WITH 200 LFPM AIRFLOW ; --            ; --          ; --         ;
; PROJECT_OUTPUT_DIRECTORY            ; output_files                          ; --            ; --          ; --         ;
; TOP_LEVEL_ENTITY                    ; top                                   ; UART          ; --          ; --         ;
+-------------------------------------+---------------------------------------+---------------+-------------+------------+


+-------------------------------------------------------------------------------------------------------------------------------+
; Flow Elapsed Time                                                                                                             ;
+---------------------------+--------------+-------------------------+---------------------+------------------------------------+
; Module Name               ; Elapsed Time ; Average Processors Used ; Peak Virtual Memory ; Total CPU Time (on all processors) ;
+---------------------------+--------------+-------------------------+---------------------+------------------------------------+
; Analysis & Synthesis      ; 00:00:26     ; 1.0                     ; 730 MB              ; 00:00:19                           ;
; Fitter                    ; 00:00:27     ; 1.0                     ; 1140 MB             ; 00:00:11                           ;
; Assembler                 ; 00:00:22     ; 1.0                     ; 618 MB              ; 00:00:04                           ;
; TimeQuest Timing Analyzer ; 00:00:18     ; 1.0                     ; 746 MB              ; 00:00:02                           ;
; Total                     ; 00:01:33     ; --                      ; --                  ; 00:00:36                           ;
+---------------------------+--------------+-------------------------+---------------------+------------------------------------+


+----------------------------------------------------------------------------------------+
; Flow OS Summary                                                                        ;
+---------------------------+------------------+-----------+------------+----------------+
; Module Name               ; Machine Hostname ; OS Name   ; OS Version ; Processor type ;
+---------------------------+------------------+-----------+------------+----------------+
; Analysis & Synthesis      ; Home-PC          ; Windows 7 ; 6.2        ; x86_64         ;
; Fitter                    ; Home-PC          ; Windows 7 ; 6.2        ; x86_64         ;
; Assembler                 ; Home-PC          ; Windows 7 ; 6.2        ; x86_64         ;
; TimeQuest Timing Analyzer ; Home-PC          ; Windows 7 ; 6.2        ; x86_64         ;
+---------------------------+------------------+-----------+------------+----------------+


------------
; Flow Log ;
------------
quartus_map --read_settings_files=on --write_settings_files=off UART -c UART
quartus_fit --read_settings_files=off --write_settings_files=off UART -c UART
quartus_asm --read_settings_files=off --write_settings_files=off UART -c UART
quartus_sta UART -c UART



